[2025-09-01 03:51:02] production.ERROR: [2386] Failed:     Modular\Connector\Jobs\Hooks\HookSendEventJob  
[2025-09-01 03:51:02] production.ERROR: Connection: database, Queue: default, Payload: {"uuid":"f1f184c9-9e1a-47fb-b541-9f60b1d8c134","displayName":"Modular\\Connector\\Jobs\\Hooks\\HookSendEventJob","job":"Modular\\ConnectorDependencies\\Illuminate\\Queue\\CallQueuedHandler@call","maxTries":null,"maxExceptions":null,"failOnTimeout":false,"backoff":null,"timeout":null,"retryUntil":null,"data":{"commandName":"Modular\\Connector\\Jobs\\Hooks\\HookSendEventJob","command":"O:45:\"Modular\\Connector\\Jobs\\Hooks\\HookSendEventJob\":10:{s:8:\"\u0000*\u0000event\";a:5:{s:4:\"type\";s:32:\"manager.optimization.information\";s:17:\"connector_version\";s:5:\"2.2.1\";s:7:\"created\";i:1756698645;s:4:\"mrid\";s:36:\"cb0c07a7-09d3-4901-a84c-88366d1337ab\";s:4:\"data\";a:14:{s:20:\"akismet_comment_meta\";i:0;s:11:\"auto_drafts\";i:1;s:17:\"database_overhead\";i:31622186;s:21:\"orphaned_comment_meta\";i:0;s:18:\"orphaned_post_meta\";i:4;s:26:\"orphaned_relationship_data\";i:0;s:18:\"orphaned_user_meta\";i:0;s:9:\"pingbacks\";i:0;s:9:\"revisions\";i:812;s:19:\"spam_trash_comments\";i:0;s:10:\"trackbacks\";i:0;s:10:\"transients\";a:2:{s:10:\"transients\";i:4;s:8:\"timeouts\";i:6;}s:13:\"trashed_posts\";i:0;s:19:\"unapproved_comments\";i:0;}}s:10:\"connection\";N;s:5:\"queue\";N;s:15:\"chainConnection\";N;s:10:\"chainQueue\";N;s:19:\"chainCatchCallbacks\";N;s:5:\"delay\";N;s:11:\"afterCommit\";N;s:10:\"middleware\";a:0:{}s:7:\"chained\";a:0:{}}"}}, Exception: Modular\ConnectorDependencies\GuzzleHttp\Exception\ServerException: Server error: `POST https://api.modulards.com/api/site/manager/hook` resulted in a `503 Service Unavailable` response:
no available server

 in /home/academia.neuronacomercial.com/academia.neuronacomercial.com.ar/wp-content/plugins/modular-connector/vendor/guzzlehttp/guzzle/src/Exception/RequestException.php:76
Stack trace:
#0 /home/academia.neuronacomercial.com/academia.neuronacomercial.com.ar/wp-content/plugins/modular-connector/vendor/guzzlehttp/guzzle/src/Middleware.php(63): Modular\ConnectorDependencies\GuzzleHttp\Exception\RequestException::create()
#1 /home/academia.neuronacomercial.com/academia.neuronacomercial.com.ar/wp-content/plugins/modular-connector/vendor/guzzlehttp/promises/src/Promise.php(174): Modular\ConnectorDependencies\GuzzleHttp\Middleware::Modular\ConnectorDependencies\GuzzleHttp\{closure}()
#2 /home/academia.neuronacomercial.com/academia.neuronacomercial.com.ar/wp-content/plugins/modular-connector/vendor/guzzlehttp/promises/src/Promise.php(129): Modular\ConnectorDependencies\GuzzleHttp\Promise\Promise::callHandler()
#3 /home/academia.neuronacomercial.com/academia.neuronacomercial.com.ar/wp-content/plugins/modular-connector/vendor/guzzlehttp/promises/src/TaskQueue.php(47): Modular\ConnectorDependencies\GuzzleHttp\Promise\Promise::Modular\ConnectorDependencies\GuzzleHttp\Promise\{closure}()
#4 /home/academia.neuronacomercial.com/academia.neuronacomercial.com.ar/wp-content/plugins/modular-connector/vendor/guzzlehttp/promises/src/Promise.php(209): Modular\ConnectorDependencies\GuzzleHttp\Promise\TaskQueue->run()
#5 /home/academia.neuronacomercial.com/academia.neuronacomercial.com.ar/wp-content/plugins/modular-connector/vendor/guzzlehttp/promises/src/Promise.php(191): Modular\ConnectorDependencies\GuzzleHttp\Promise\Promise->invokeWaitFn()
#6 /home/academia.neuronacomercial.com/academia.neuronacomercial.com.ar/wp-content/plugins/modular-connector/vendor/guzzlehttp/promises/src/Promise.php(228): Modular\ConnectorDependencies\GuzzleHttp\Promise\Promise->waitIfPending()
#7 /home/academia.neuronacomercial.com/academia.neuronacomercial.com.ar/wp-content/plugins/modular-connector/vendor/guzzlehttp/promises/src/Promise.php(193): Modular\ConnectorDependencies\GuzzleHttp\Promise\Promise->invokeWaitList()
#8 /home/academia.neuronacomercial.com/academia.neuronacomercial.com.ar/wp-content/plugins/modular-connector/vendor/guzzlehttp/promises/src/Promise.php(55): Modular\ConnectorDependencies\GuzzleHttp\Promise\Promise->waitIfPending()
#9 /home/academia.neuronacomercial.com/academia.neuronacomercial.com.ar/wp-content/plugins/modular-connector/vendor/guzzlehttp/guzzle/src/Client.php(166): Modular\ConnectorDependencies\GuzzleHttp\Promise\Promise->wait()
#10 /home/academia.neuronacomercial.com/academia.neuronacomercial.com.ar/wp-content/plugins/modular-connector/modular-php/src/ModularClient.php(337): Modular\ConnectorDependencies\GuzzleHttp\Client->request()
#11 /home/academia.neuronacomercial.com/academia.neuronacomercial.com.ar/wp-content/plugins/modular-connector/modular-php/src/Services/AbstractService.php(95): Modular\SDK\ModularClient->raw()
#12 /home/academia.neuronacomercial.com/academia.neuronacomercial.com.ar/wp-content/plugins/modular-connector/modular-php/src/Services/WordPressService.php(34): Modular\SDK\Services\AbstractService->raw()
#13 /home/academia.neuronacomercial.com/academia.neuronacomercial.com.ar/wp-content/plugins/modular-connector/src/app/Jobs/Hooks/HookSendEventJob.php(57): Modular\SDK\Services\WordPressService->handleHook()
#14 /home/academia.neuronacomercial.com/academia.neuronacomercial.com.ar/wp-content/plugins/modular-connector/vendor/illuminate/container/BoundMethod.php(33): Modular\Connector\Jobs\Hooks\HookSendEventJob->handle()
#15 /home/academia.neuronacomercial.com/academia.neuronacomercial.com.ar/wp-content/plugins/modular-connector/vendor/illuminate/container/Util.php(37): Modular\ConnectorDependencies\Illuminate\Container\BoundMethod::Modular\ConnectorDependencies\Illuminate\Container\{closure}()
#16 /home/academia.neuronacomercial.com/academia.neuronacomercial.com.ar/wp-content/plugins/modular-connector/vendor/illuminate/container/BoundMethod.php(79): Modular\ConnectorDependencies\Illuminate\Container\Util::unwrapIfClosure()
#17 /home/academia.neuronacomercial.com/academia.neuronacomercial.com.ar/wp-content/plugins/modular-connector/vendor/illuminate/container/BoundMethod.php(34): Modular\ConnectorDependencies\Illuminate\Container\BoundMethod::callBoundMethod()
#18 /home/academia.neuronacomercial.com/academia.neuronacomercial.com.ar/wp-content/plugins/modular-connector/vendor/illuminate/container/Container.php(568): Modular\ConnectorDependencies\Illuminate\Container\BoundMethod::call()
#19 /home/academia.neuronacomercial.com/academia.neuronacomercial.com.ar/wp-content/plugins/modular-connector/vendor/illuminate/bus/Dispatcher.php(108): Modular\ConnectorDependencies\Illuminate\Container\Container->call()
#20 /home/academia.neuronacomercial.com/academia.neuronacomercial.com.ar/wp-content/plugins/modular-connector/vendor/illuminate/pipeline/Pipeline.php(111): Modular\ConnectorDependencies\Illuminate\Bus\Dispatcher->Modular\ConnectorDependencies\Illuminate\Bus\{closure}()
#21 /home/academia.neuronacomercial.com/academia.neuronacomercial.com.ar/wp-content/plugins/modular-connector/vendor/illuminate/pipeline/Pipeline.php(88): Modular\ConnectorDependencies\Illuminate\Pipeline\Pipeline->Modular\ConnectorDependencies\Illuminate\Pipeline\{closure}()
#22 /home/academia.neuronacomercial.com/academia.neuronacomercial.com.ar/wp-content/plugins/modular-connector/vendor/illuminate/bus/Dispatcher.php(111): Modular\ConnectorDependencies\Illuminate\Pipeline\Pipeline->then()
#23 /home/academia.neuronacomercial.com/academia.neuronacomercial.com.ar/wp-content/plugins/modular-connector/vendor/illuminate/queue/CallQueuedHandler.php(102): Modular\ConnectorDependencies\Illuminate\Bus\Dispatcher->dispatchNow()
#24 /home/academia.neuronacomercial.com/academia.neuronacomercial.com.ar/wp-content/plugins/modular-connector/vendor/illuminate/pipeline/Pipeline.php(111): Modular\ConnectorDependencies\Illuminate\Queue\CallQueuedHandler->Modular\ConnectorDependencies\Illuminate\Queue\{closure}()
#25 /home/academia.neuronacomercial.com/academia.neuronacomercial.com.ar/wp-content/plugins/modular-connector/vendor/illuminate/pipeline/Pipeline.php(88): Modular\ConnectorDependencies\Illuminate\Pipeline\Pipeline->Modular\ConnectorDependencies\Illuminate\Pipeline\{closure}()
#26 /home/academia.neuronacomercial.com/academia.neuronacomercial.com.ar/wp-content/plugins/modular-connector/vendor/illuminate/queue/CallQueuedHandler.php(103): Modular\ConnectorDependencies\Illuminate\Pipeline\Pipeline->then()
#27 /home/academia.neuronacomercial.com/academia.neuronacomercial.com.ar/wp-content/plugins/modular-connector/vendor/illuminate/queue/CallQueuedHandler.php(62): Modular\ConnectorDependencies\Illuminate\Queue\CallQueuedHandler->dispatchThroughMiddleware()
#28 /home/academia.neuronacomercial.com/academia.neuronacomercial.com.ar/wp-content/plugins/modular-connector/vendor/illuminate/queue/Jobs/Job.php(84): Modular\ConnectorDependencies\Illuminate\Queue\CallQueuedHandler->call()
#29 /home/academia.neuronacomercial.com/academia.neuronacomercial.com.ar/wp-content/plugins/modular-connector/vendor/illuminate/queue/Worker.php(352): Modular\ConnectorDependencies\Illuminate\Queue\Jobs\Job->fire()
#30 /home/academia.neuronacomercial.com/academia.neuronacomercial.com.ar/wp-content/plugins/modular-connector/vendor/illuminate/queue/Worker.php(310): Modular\ConnectorDependencies\Illuminate\Queue\Worker->process()
#31 /home/academia.neuronacomercial.com/academia.neuronacomercial.com.ar/wp-content/plugins/modular-connector/vendor/illuminate/queue/Worker.php(142): Modular\ConnectorDependencies\Illuminate\Queue\Worker->runJob()
#32 /home/academia.neuronacomercial.com/academia.neuronacomercial.com.ar/wp-content/plugins/modular-connector/vendor/ares/framework/src/Foundation/Queue/WorkCommand.php(95): Modular\ConnectorDependencies\Illuminate\Queue\Worker->daemon()
#33 /home/academia.neuronacomercial.com/academia.neuronacomercial.com.ar/wp-content/plugins/modular-connector/vendor/ares/framework/src/Foundation/Queue/WorkCommand.php(84): Modular\ConnectorDependencies\Ares\Framework\Foundation\Queue\WorkCommand->runWorker()
#34 /home/academia.neuronacomercial.com/academia.neuronacomercial.com.ar/wp-content/plugins/modular-connector/vendor/ares/framework/src/Foundation/Console/Scheduling/Event.php(36): Modular\ConnectorDependencies\Ares\Framework\Foundation\Queue\WorkCommand->handle()
#35 /home/academia.neuronacomercial.com/academia.neuronacomercial.com.ar/wp-content/plugins/modular-connector/vendor/ares/framework/src/Foundation/Console/Scheduling/Event.php(22): Modular\ConnectorDependencies\Ares\Framework\Foundation\Console\Scheduling\Event->runCommandInForeground()
#36 /home/academia.neuronacomercial.com/academia.neuronacomercial.com.ar/wp-content/plugins/modular-connector/vendor/ares/framework/src/Foundation/Console/Scheduling/ScheduleRunCommand.php(103): Modular\ConnectorDependencies\Ares\Framework\Foundation\Console\Scheduling\Event->run()
#37 /home/academia.neuronacomercial.com/academia.neuronacomercial.com.ar/wp-content/plugins/modular-connector/vendor/ares/framework/src/Foundation/Console/Scheduling/ScheduleRunCommand.php(141): Modular\ConnectorDependencies\Ares\Framework\Foundation\Console\Scheduling\ScheduleRunCommand->runEvent()
#38 /home/academia.neuronacomercial.com/academia.neuronacomercial.com.ar/wp-content/plugins/modular-connector/vendor/ares/framework/src/Foundation/Http/Kernel.php(77): Modular\ConnectorDependencies\Ares\Framework\Foundation\Console\Scheduling\ScheduleRunCommand->handle()
#39 /home/academia.neuronacomercial.com/academia.neuronacomercial.com.ar/wp-includes/class-wp-hook.php(324): Modular\ConnectorDependencies\Ares\Framework\Foundation\Http\Kernel->Modular\ConnectorDependencies\Ares\Framework\Foundation\Http\{closure}()
#40 /home/academia.neuronacomercial.com/academia.neuronacomercial.com.ar/wp-includes/class-wp-hook.php(348): WP_Hook->apply_filters()
#41 /home/academia.neuronacomercial.com/academia.neuronacomercial.com.ar/wp-includes/plugin.php(517): WP_Hook->do_action()
#42 /home/academia.neuronacomercial.com/academia.neuronacomercial.com.ar/wp-content/plugins/modular-connector/src/app/Http/Controllers/ServerController.php(107): do_action()
#43 /home/academia.neuronacomercial.com/academia.neuronacomercial.com.ar/wp-content/plugins/modular-connector/vendor/illuminate/container/BoundMethod.php(33): Modular\Connector\Http\Controllers\ServerController->Modular\Connector\Http\Controllers\{closure}()
#44 /home/academia.neuronacomercial.com/academia.neuronacomercial.com.ar/wp-content/plugins/modular-connector/vendor/illuminate/container/Util.php(37): Modular\ConnectorDependencies\Illuminate\Container\BoundMethod::Modular\ConnectorDependencies\Illuminate\Container\{closure}()
#45 /home/academia.neuronacomercial.com/academia.neuronacomercial.com.ar/wp-content/plugins/modular-connector/vendor/illuminate/container/BoundMethod.php(70): Modular\ConnectorDependencies\Illuminate\Container\Util::unwrapIfClosure()
#46 /home/academia.neuronacomercial.com/academia.neuronacomercial.com.ar/wp-content/plugins/modular-connector/vendor/illuminate/container/BoundMethod.php(34): Modular\ConnectorDependencies\Illuminate\Container\BoundMethod::callBoundMethod()
#47 /home/academia.neuronacomercial.com/academia.neuronacomercial.com.ar/wp-content/plugins/modular-connector/vendor/illuminate/container/Container.php(568): Modular\ConnectorDependencies\Illuminate\Container\BoundMethod::call()
#48 /home/academia.neuronacomercial.com/academia.neuronacomercial.com.ar/wp-content/plugins/modular-connector/vendor/illuminate/queue/CallQueuedClosure.php(61): Modular\ConnectorDependencies\Illuminate\Container\Container->call()
#49 /home/academia.neuronacomercial.com/academia.neuronacomercial.com.ar/wp-content/plugins/modular-connector/vendor/illuminate/container/BoundMethod.php(33): Modular\ConnectorDependencies\Illuminate\Queue\CallQueuedClosure->handle()
#50 /home/academia.neuronacomercial.com/academia.neuronacomercial.com.ar/wp-content/plugins/modular-connector/vendor/illuminate/container/Util.php(37): Modular\ConnectorDependencies\Illuminate\Container\BoundMethod::Modular\ConnectorDependencies\Illuminate\Container\{closure}()
#51 /home/academia.neuronacomercial.com/academia.neuronacomercial.com.ar/wp-content/plugins/modular-connector/vendor/illuminate/container/BoundMethod.php(79): Modular\ConnectorDependencies\Illuminate\Container\Util::unwrapIfClosure()
#52 /home/academia.neuronacomercial.com/academia.neuronacomercial.com.ar/wp-content/plugins/modular-connector/vendor/illuminate/container/BoundMethod.php(34): Modular\ConnectorDependencies\Illuminate\Container\BoundMethod::callBoundMethod()
#53 /home/academia.neuronacomercial.com/academia.neuronacomercial.com.ar/wp-content/plugins/modular-connector/vendor/illuminate/container/Container.php(568): Modular\ConnectorDependencies\Illuminate\Container\BoundMethod::call()
#54 /home/academia.neuronacomercial.com/academia.neuronacomercial.com.ar/wp-content/plugins/modular-connector/vendor/illuminate/bus/Dispatcher.php(108): Modular\ConnectorDependencies\Illuminate\Container\Container->call()
#55 /home/academia.neuronacomercial.com/academia.neuronacomercial.com.ar/wp-content/plugins/modular-connector/vendor/illuminate/pipeline/Pipeline.php(111): Modular\ConnectorDependencies\Illuminate\Bus\Dispatcher->Modular\ConnectorDependencies\Illuminate\Bus\{closure}()
#56 /home/academia.neuronacomercial.com/academia.neuronacomercial.com.ar/wp-content/plugins/modular-connector/vendor/illuminate/pipeline/Pipeline.php(88): Modular\ConnectorDependencies\Illuminate\Pipeline\Pipeline->Modular\ConnectorDependencies\Illuminate\Pipeline\{closure}()
#57 /home/academia.neuronacomercial.com/academia.neuronacomercial.com.ar/wp-content/plugins/modular-connector/vendor/illuminate/bus/Dispatcher.php(111): Modular\ConnectorDependencies\Illuminate\Pipeline\Pipeline->then()
#58 /home/academia.neuronacomercial.com/academia.neuronacomercial.com.ar/wp-content/plugins/modular-connector/vendor/illuminate/bus/Dispatcher.php(227): Modular\ConnectorDependencies\Illuminate\Bus\Dispatcher->dispatchNow()
#59 /home/academia.neuronacomercial.com/academia.neuronacomercial.com.ar/wp-content/plugins/modular-connector/vendor/illuminate/container/BoundMethod.php(33): Modular\ConnectorDependencies\Illuminate\Bus\Dispatcher->Modular\ConnectorDependencies\Illuminate\Bus\{closure}()
#60 /home/academia.neuronacomercial.com/academia.neuronacomercial.com.ar/wp-content/plugins/modular-connector/vendor/illuminate/container/Util.php(37): Modular\ConnectorDependencies\Illuminate\Container\BoundMethod::Modular\ConnectorDependencies\Illuminate\Container\{closure}()
#61 /home/academia.neuronacomercial.com/academia.neuronacomercial.com.ar/wp-content/plugins/modular-connector/vendor/illuminate/container/BoundMethod.php(70): Modular\ConnectorDependencies\Illuminate\Container\Util::unwrapIfClosure()
#62 /home/academia.neuronacomercial.com/academia.neuronacomercial.com.ar/wp-content/plugins/modular-connector/vendor/illuminate/container/BoundMethod.php(34): Modular\ConnectorDependencies\Illuminate\Container\BoundMethod::callBoundMethod()
#63 /home/academia.neuronacomercial.com/academia.neuronacomercial.com.ar/wp-content/plugins/modular-connector/vendor/illuminate/container/Container.php(568): Modular\ConnectorDependencies\Illuminate\Container\BoundMethod::call()
#64 /home/academia.neuronacomercial.com/academia.neuronacomercial.com.ar/wp-content/plugins/modular-connector/vendor/ares/framework/illuminate/Foundation/Application.php(999): Modular\ConnectorDependencies\Illuminate\Container\Container->call()
#65 /home/academia.neuronacomercial.com/academia.neuronacomercial.com.ar/wp-content/plugins/modular-connector/vendor/ares/framework/src/Foundation/Application.php(77): Modular\ConnectorDependencies\Illuminate\Foundation\Application->terminate()
#66 /home/academia.neuronacomercial.com/academia.neuronacomercial.com.ar/wp-content/plugins/modular-connector/vendor/ares/framework/illuminate/Foundation/Http/Kernel.php(141): Modular\ConnectorDependencies\Ares\Framework\Foundation\Application->terminate()
#67 /home/academia.neuronacomercial.com/academia.neuronacomercial.com.ar/wp-content/plugins/modular-connector/vendor/ares/framework/src/Foundation/Bootloader.php(140): Modular\ConnectorDependencies\Illuminate\Foundation\Http\Kernel->terminate()
#68 /home/academia.neuronacomercial.com/academia.neuronacomercial.com.ar/wp-content/plugins/modular-connector/vendor/ares/framework/src/Foundation/Bootloader.php(156): Modular\ConnectorDependencies\Ares\Framework\Foundation\Bootloader->handleRequest()
#69 /home/academia.neuronacomercial.com/academia.neuronacomercial.com.ar/wp-includes/class-wp-hook.php(324): Modular\ConnectorDependencies\Ares\Framework\Foundation\Bootloader->Modular\ConnectorDependencies\Ares\Framework\Foundation\{closure}()
#70 /home/academia.neuronacomercial.com/academia.neuronacomercial.com.ar/wp-includes/class-wp-hook.php(348): WP_Hook->apply_filters()
#71 /home/academia.neuronacomercial.com/academia.neuronacomercial.com.ar/wp-includes/plugin.php(517): WP_Hook->do_action()
#72 /home/academia.neuronacomercial.com/academia.neuronacomercial.com.ar/wp-settings.php(749): do_action()
#73 /home/academia.neuronacomercial.com/academia.neuronacomercial.com.ar/wp-config.php(117): require_once('...')
#74 /home/academia.neuronacomercial.com/academia.neuronacomercial.com.ar/wp-load.php(50): require_once('...')
#75 {main}  
[2025-09-01 03:51:02] production.ERROR: Server error: `POST https://api.modulards.com/api/site/manager/hook` resulted in a `503 Service Unavailable` response:
no available server

 {"exception":"[object] (Modular\\ConnectorDependencies\\GuzzleHttp\\Exception\\ServerException(code: 503): Server error: `POST https://api.modulards.com/api/site/manager/hook` resulted in a `503 Service Unavailable` response:
no available server

 at /home/academia.neuronacomercial.com/academia.neuronacomercial.com.ar/wp-content/plugins/modular-connector/vendor/guzzlehttp/guzzle/src/Exception/RequestException.php:76)
[stacktrace]
#0 /home/academia.neuronacomercial.com/academia.neuronacomercial.com.ar/wp-content/plugins/modular-connector/vendor/guzzlehttp/guzzle/src/Middleware.php(63): Modular\\ConnectorDependencies\\GuzzleHttp\\Exception\\RequestException::create()
#1 /home/academia.neuronacomercial.com/academia.neuronacomercial.com.ar/wp-content/plugins/modular-connector/vendor/guzzlehttp/promises/src/Promise.php(174): Modular\\ConnectorDependencies\\GuzzleHttp\\Middleware::Modular\\ConnectorDependencies\\GuzzleHttp\\{closure}()
#2 /home/academia.neuronacomercial.com/academia.neuronacomercial.com.ar/wp-content/plugins/modular-connector/vendor/guzzlehttp/promises/src/Promise.php(129): Modular\\ConnectorDependencies\\GuzzleHttp\\Promise\\Promise::callHandler()
#3 /home/academia.neuronacomercial.com/academia.neuronacomercial.com.ar/wp-content/plugins/modular-connector/vendor/guzzlehttp/promises/src/TaskQueue.php(47): Modular\\ConnectorDependencies\\GuzzleHttp\\Promise\\Promise::Modular\\ConnectorDependencies\\GuzzleHttp\\Promise\\{closure}()
#4 /home/academia.neuronacomercial.com/academia.neuronacomercial.com.ar/wp-content/plugins/modular-connector/vendor/guzzlehttp/promises/src/Promise.php(209): Modular\\ConnectorDependencies\\GuzzleHttp\\Promise\\TaskQueue->run()
#5 /home/academia.neuronacomercial.com/academia.neuronacomercial.com.ar/wp-content/plugins/modular-connector/vendor/guzzlehttp/promises/src/Promise.php(191): Modular\\ConnectorDependencies\\GuzzleHttp\\Promise\\Promise->invokeWaitFn()
#6 /home/academia.neuronacomercial.com/academia.neuronacomercial.com.ar/wp-content/plugins/modular-connector/vendor/guzzlehttp/promises/src/Promise.php(228): Modular\\ConnectorDependencies\\GuzzleHttp\\Promise\\Promise->waitIfPending()
#7 /home/academia.neuronacomercial.com/academia.neuronacomercial.com.ar/wp-content/plugins/modular-connector/vendor/guzzlehttp/promises/src/Promise.php(193): Modular\\ConnectorDependencies\\GuzzleHttp\\Promise\\Promise->invokeWaitList()
#8 /home/academia.neuronacomercial.com/academia.neuronacomercial.com.ar/wp-content/plugins/modular-connector/vendor/guzzlehttp/promises/src/Promise.php(55): Modular\\ConnectorDependencies\\GuzzleHttp\\Promise\\Promise->waitIfPending()
#9 /home/academia.neuronacomercial.com/academia.neuronacomercial.com.ar/wp-content/plugins/modular-connector/vendor/guzzlehttp/guzzle/src/Client.php(166): Modular\\ConnectorDependencies\\GuzzleHttp\\Promise\\Promise->wait()
#10 /home/academia.neuronacomercial.com/academia.neuronacomercial.com.ar/wp-content/plugins/modular-connector/modular-php/src/ModularClient.php(337): Modular\\ConnectorDependencies\\GuzzleHttp\\Client->request()
#11 /home/academia.neuronacomercial.com/academia.neuronacomercial.com.ar/wp-content/plugins/modular-connector/modular-php/src/Services/AbstractService.php(95): Modular\\SDK\\ModularClient->raw()
#12 /home/academia.neuronacomercial.com/academia.neuronacomercial.com.ar/wp-content/plugins/modular-connector/modular-php/src/Services/WordPressService.php(34): Modular\\SDK\\Services\\AbstractService->raw()
#13 /home/academia.neuronacomercial.com/academia.neuronacomercial.com.ar/wp-content/plugins/modular-connector/src/app/Jobs/Hooks/HookSendEventJob.php(57): Modular\\SDK\\Services\\WordPressService->handleHook()
#14 /home/academia.neuronacomercial.com/academia.neuronacomercial.com.ar/wp-content/plugins/modular-connector/vendor/illuminate/container/BoundMethod.php(33): Modular\\Connector\\Jobs\\Hooks\\HookSendEventJob->handle()
#15 /home/academia.neuronacomercial.com/academia.neuronacomercial.com.ar/wp-content/plugins/modular-connector/vendor/illuminate/container/Util.php(37): Modular\\ConnectorDependencies\\Illuminate\\Container\\BoundMethod::Modular\\ConnectorDependencies\\Illuminate\\Container\\{closure}()
#16 /home/academia.neuronacomercial.com/academia.neuronacomercial.com.ar/wp-content/plugins/modular-connector/vendor/illuminate/container/BoundMethod.php(79): Modular\\ConnectorDependencies\\Illuminate\\Container\\Util::unwrapIfClosure()
#17 /home/academia.neuronacomercial.com/academia.neuronacomercial.com.ar/wp-content/plugins/modular-connector/vendor/illuminate/container/BoundMethod.php(34): Modular\\ConnectorDependencies\\Illuminate\\Container\\BoundMethod::callBoundMethod()
#18 /home/academia.neuronacomercial.com/academia.neuronacomercial.com.ar/wp-content/plugins/modular-connector/vendor/illuminate/container/Container.php(568): Modular\\ConnectorDependencies\\Illuminate\\Container\\BoundMethod::call()
#19 /home/academia.neuronacomercial.com/academia.neuronacomercial.com.ar/wp-content/plugins/modular-connector/vendor/illuminate/bus/Dispatcher.php(108): Modular\\ConnectorDependencies\\Illuminate\\Container\\Container->call()
#20 /home/academia.neuronacomercial.com/academia.neuronacomercial.com.ar/wp-content/plugins/modular-connector/vendor/illuminate/pipeline/Pipeline.php(111): Modular\\ConnectorDependencies\\Illuminate\\Bus\\Dispatcher->Modular\\ConnectorDependencies\\Illuminate\\Bus\\{closure}()
#21 /home/academia.neuronacomercial.com/academia.neuronacomercial.com.ar/wp-content/plugins/modular-connector/vendor/illuminate/pipeline/Pipeline.php(88): Modular\\ConnectorDependencies\\Illuminate\\Pipeline\\Pipeline->Modular\\ConnectorDependencies\\Illuminate\\Pipeline\\{closure}()
#22 /home/academia.neuronacomercial.com/academia.neuronacomercial.com.ar/wp-content/plugins/modular-connector/vendor/illuminate/bus/Dispatcher.php(111): Modular\\ConnectorDependencies\\Illuminate\\Pipeline\\Pipeline->then()
#23 /home/academia.neuronacomercial.com/academia.neuronacomercial.com.ar/wp-content/plugins/modular-connector/vendor/illuminate/queue/CallQueuedHandler.php(102): Modular\\ConnectorDependencies\\Illuminate\\Bus\\Dispatcher->dispatchNow()
#24 /home/academia.neuronacomercial.com/academia.neuronacomercial.com.ar/wp-content/plugins/modular-connector/vendor/illuminate/pipeline/Pipeline.php(111): Modular\\ConnectorDependencies\\Illuminate\\Queue\\CallQueuedHandler->Modular\\ConnectorDependencies\\Illuminate\\Queue\\{closure}()
#25 /home/academia.neuronacomercial.com/academia.neuronacomercial.com.ar/wp-content/plugins/modular-connector/vendor/illuminate/pipeline/Pipeline.php(88): Modular\\ConnectorDependencies\\Illuminate\\Pipeline\\Pipeline->Modular\\ConnectorDependencies\\Illuminate\\Pipeline\\{closure}()
#26 /home/academia.neuronacomercial.com/academia.neuronacomercial.com.ar/wp-content/plugins/modular-connector/vendor/illuminate/queue/CallQueuedHandler.php(103): Modular\\ConnectorDependencies\\Illuminate\\Pipeline\\Pipeline->then()
#27 /home/academia.neuronacomercial.com/academia.neuronacomercial.com.ar/wp-content/plugins/modular-connector/vendor/illuminate/queue/CallQueuedHandler.php(62): Modular\\ConnectorDependencies\\Illuminate\\Queue\\CallQueuedHandler->dispatchThroughMiddleware()
#28 /home/academia.neuronacomercial.com/academia.neuronacomercial.com.ar/wp-content/plugins/modular-connector/vendor/illuminate/queue/Jobs/Job.php(84): Modular\\ConnectorDependencies\\Illuminate\\Queue\\CallQueuedHandler->call()
#29 /home/academia.neuronacomercial.com/academia.neuronacomercial.com.ar/wp-content/plugins/modular-connector/vendor/illuminate/queue/Worker.php(352): Modular\\ConnectorDependencies\\Illuminate\\Queue\\Jobs\\Job->fire()
#30 /home/academia.neuronacomercial.com/academia.neuronacomercial.com.ar/wp-content/plugins/modular-connector/vendor/illuminate/queue/Worker.php(310): Modular\\ConnectorDependencies\\Illuminate\\Queue\\Worker->process()
#31 /home/academia.neuronacomercial.com/academia.neuronacomercial.com.ar/wp-content/plugins/modular-connector/vendor/illuminate/queue/Worker.php(142): Modular\\ConnectorDependencies\\Illuminate\\Queue\\Worker->runJob()
#32 /home/academia.neuronacomercial.com/academia.neuronacomercial.com.ar/wp-content/plugins/modular-connector/vendor/ares/framework/src/Foundation/Queue/WorkCommand.php(95): Modular\\ConnectorDependencies\\Illuminate\\Queue\\Worker->daemon()
#33 /home/academia.neuronacomercial.com/academia.neuronacomercial.com.ar/wp-content/plugins/modular-connector/vendor/ares/framework/src/Foundation/Queue/WorkCommand.php(84): Modular\\ConnectorDependencies\\Ares\\Framework\\Foundation\\Queue\\WorkCommand->runWorker()
#34 /home/academia.neuronacomercial.com/academia.neuronacomercial.com.ar/wp-content/plugins/modular-connector/vendor/ares/framework/src/Foundation/Console/Scheduling/Event.php(36): Modular\\ConnectorDependencies\\Ares\\Framework\\Foundation\\Queue\\WorkCommand->handle()
#35 /home/academia.neuronacomercial.com/academia.neuronacomercial.com.ar/wp-content/plugins/modular-connector/vendor/ares/framework/src/Foundation/Console/Scheduling/Event.php(22): Modular\\ConnectorDependencies\\Ares\\Framework\\Foundation\\Console\\Scheduling\\Event->runCommandInForeground()
#36 /home/academia.neuronacomercial.com/academia.neuronacomercial.com.ar/wp-content/plugins/modular-connector/vendor/ares/framework/src/Foundation/Console/Scheduling/ScheduleRunCommand.php(103): Modular\\ConnectorDependencies\\Ares\\Framework\\Foundation\\Console\\Scheduling\\Event->run()
#37 /home/academia.neuronacomercial.com/academia.neuronacomercial.com.ar/wp-content/plugins/modular-connector/vendor/ares/framework/src/Foundation/Console/Scheduling/ScheduleRunCommand.php(141): Modular\\ConnectorDependencies\\Ares\\Framework\\Foundation\\Console\\Scheduling\\ScheduleRunCommand->runEvent()
#38 /home/academia.neuronacomercial.com/academia.neuronacomercial.com.ar/wp-content/plugins/modular-connector/vendor/ares/framework/src/Foundation/Http/Kernel.php(77): Modular\\ConnectorDependencies\\Ares\\Framework\\Foundation\\Console\\Scheduling\\ScheduleRunCommand->handle()
#39 /home/academia.neuronacomercial.com/academia.neuronacomercial.com.ar/wp-includes/class-wp-hook.php(324): Modular\\ConnectorDependencies\\Ares\\Framework\\Foundation\\Http\\Kernel->Modular\\ConnectorDependencies\\Ares\\Framework\\Foundation\\Http\\{closure}()
#40 /home/academia.neuronacomercial.com/academia.neuronacomercial.com.ar/wp-includes/class-wp-hook.php(348): WP_Hook->apply_filters()
#41 /home/academia.neuronacomercial.com/academia.neuronacomercial.com.ar/wp-includes/plugin.php(517): WP_Hook->do_action()
#42 /home/academia.neuronacomercial.com/academia.neuronacomercial.com.ar/wp-content/plugins/modular-connector/src/app/Http/Controllers/ServerController.php(107): do_action()
#43 /home/academia.neuronacomercial.com/academia.neuronacomercial.com.ar/wp-content/plugins/modular-connector/vendor/illuminate/container/BoundMethod.php(33): Modular\\Connector\\Http\\Controllers\\ServerController->Modular\\Connector\\Http\\Controllers\\{closure}()
#44 /home/academia.neuronacomercial.com/academia.neuronacomercial.com.ar/wp-content/plugins/modular-connector/vendor/illuminate/container/Util.php(37): Modular\\ConnectorDependencies\\Illuminate\\Container\\BoundMethod::Modular\\ConnectorDependencies\\Illuminate\\Container\\{closure}()
#45 /home/academia.neuronacomercial.com/academia.neuronacomercial.com.ar/wp-content/plugins/modular-connector/vendor/illuminate/container/BoundMethod.php(70): Modular\\ConnectorDependencies\\Illuminate\\Container\\Util::unwrapIfClosure()
#46 /home/academia.neuronacomercial.com/academia.neuronacomercial.com.ar/wp-content/plugins/modular-connector/vendor/illuminate/container/BoundMethod.php(34): Modular\\ConnectorDependencies\\Illuminate\\Container\\BoundMethod::callBoundMethod()
#47 /home/academia.neuronacomercial.com/academia.neuronacomercial.com.ar/wp-content/plugins/modular-connector/vendor/illuminate/container/Container.php(568): Modular\\ConnectorDependencies\\Illuminate\\Container\\BoundMethod::call()
#48 /home/academia.neuronacomercial.com/academia.neuronacomercial.com.ar/wp-content/plugins/modular-connector/vendor/illuminate/queue/CallQueuedClosure.php(61): Modular\\ConnectorDependencies\\Illuminate\\Container\\Container->call()
#49 /home/academia.neuronacomercial.com/academia.neuronacomercial.com.ar/wp-content/plugins/modular-connector/vendor/illuminate/container/BoundMethod.php(33): Modular\\ConnectorDependencies\\Illuminate\\Queue\\CallQueuedClosure->handle()
#50 /home/academia.neuronacomercial.com/academia.neuronacomercial.com.ar/wp-content/plugins/modular-connector/vendor/illuminate/container/Util.php(37): Modular\\ConnectorDependencies\\Illuminate\\Container\\BoundMethod::Modular\\ConnectorDependencies\\Illuminate\\Container\\{closure}()
#51 /home/academia.neuronacomercial.com/academia.neuronacomercial.com.ar/wp-content/plugins/modular-connector/vendor/illuminate/container/BoundMethod.php(79): Modular\\ConnectorDependencies\\Illuminate\\Container\\Util::unwrapIfClosure()
#52 /home/academia.neuronacomercial.com/academia.neuronacomercial.com.ar/wp-content/plugins/modular-connector/vendor/illuminate/container/BoundMethod.php(34): Modular\\ConnectorDependencies\\Illuminate\\Container\\BoundMethod::callBoundMethod()
#53 /home/academia.neuronacomercial.com/academia.neuronacomercial.com.ar/wp-content/plugins/modular-connector/vendor/illuminate/container/Container.php(568): Modular\\ConnectorDependencies\\Illuminate\\Container\\BoundMethod::call()
#54 /home/academia.neuronacomercial.com/academia.neuronacomercial.com.ar/wp-content/plugins/modular-connector/vendor/illuminate/bus/Dispatcher.php(108): Modular\\ConnectorDependencies\\Illuminate\\Container\\Container->call()
#55 /home/academia.neuronacomercial.com/academia.neuronacomercial.com.ar/wp-content/plugins/modular-connector/vendor/illuminate/pipeline/Pipeline.php(111): Modular\\ConnectorDependencies\\Illuminate\\Bus\\Dispatcher->Modular\\ConnectorDependencies\\Illuminate\\Bus\\{closure}()
#56 /home/academia.neuronacomercial.com/academia.neuronacomercial.com.ar/wp-content/plugins/modular-connector/vendor/illuminate/pipeline/Pipeline.php(88): Modular\\ConnectorDependencies\\Illuminate\\Pipeline\\Pipeline->Modular\\ConnectorDependencies\\Illuminate\\Pipeline\\{closure}()
#57 /home/academia.neuronacomercial.com/academia.neuronacomercial.com.ar/wp-content/plugins/modular-connector/vendor/illuminate/bus/Dispatcher.php(111): Modular\\ConnectorDependencies\\Illuminate\\Pipeline\\Pipeline->then()
#58 /home/academia.neuronacomercial.com/academia.neuronacomercial.com.ar/wp-content/plugins/modular-connector/vendor/illuminate/bus/Dispatcher.php(227): Modular\\ConnectorDependencies\\Illuminate\\Bus\\Dispatcher->dispatchNow()
#59 /home/academia.neuronacomercial.com/academia.neuronacomercial.com.ar/wp-content/plugins/modular-connector/vendor/illuminate/container/BoundMethod.php(33): Modular\\ConnectorDependencies\\Illuminate\\Bus\\Dispatcher->Modular\\ConnectorDependencies\\Illuminate\\Bus\\{closure}()
#60 /home/academia.neuronacomercial.com/academia.neuronacomercial.com.ar/wp-content/plugins/modular-connector/vendor/illuminate/container/Util.php(37): Modular\\ConnectorDependencies\\Illuminate\\Container\\BoundMethod::Modular\\ConnectorDependencies\\Illuminate\\Container\\{closure}()
#61 /home/academia.neuronacomercial.com/academia.neuronacomercial.com.ar/wp-content/plugins/modular-connector/vendor/illuminate/container/BoundMethod.php(70): Modular\\ConnectorDependencies\\Illuminate\\Container\\Util::unwrapIfClosure()
#62 /home/academia.neuronacomercial.com/academia.neuronacomercial.com.ar/wp-content/plugins/modular-connector/vendor/illuminate/container/BoundMethod.php(34): Modular\\ConnectorDependencies\\Illuminate\\Container\\BoundMethod::callBoundMethod()
#63 /home/academia.neuronacomercial.com/academia.neuronacomercial.com.ar/wp-content/plugins/modular-connector/vendor/illuminate/container/Container.php(568): Modular\\ConnectorDependencies\\Illuminate\\Container\\BoundMethod::call()
#64 /home/academia.neuronacomercial.com/academia.neuronacomercial.com.ar/wp-content/plugins/modular-connector/vendor/ares/framework/illuminate/Foundation/Application.php(999): Modular\\ConnectorDependencies\\Illuminate\\Container\\Container->call()
#65 /home/academia.neuronacomercial.com/academia.neuronacomercial.com.ar/wp-content/plugins/modular-connector/vendor/ares/framework/src/Foundation/Application.php(77): Modular\\ConnectorDependencies\\Illuminate\\Foundation\\Application->terminate()
#66 /home/academia.neuronacomercial.com/academia.neuronacomercial.com.ar/wp-content/plugins/modular-connector/vendor/ares/framework/illuminate/Foundation/Http/Kernel.php(141): Modular\\ConnectorDependencies\\Ares\\Framework\\Foundation\\Application->terminate()
#67 /home/academia.neuronacomercial.com/academia.neuronacomercial.com.ar/wp-content/plugins/modular-connector/vendor/ares/framework/src/Foundation/Bootloader.php(140): Modular\\ConnectorDependencies\\Illuminate\\Foundation\\Http\\Kernel->terminate()
#68 /home/academia.neuronacomercial.com/academia.neuronacomercial.com.ar/wp-content/plugins/modular-connector/vendor/ares/framework/src/Foundation/Bootloader.php(156): Modular\\ConnectorDependencies\\Ares\\Framework\\Foundation\\Bootloader->handleRequest()
#69 /home/academia.neuronacomercial.com/academia.neuronacomercial.com.ar/wp-includes/class-wp-hook.php(324): Modular\\ConnectorDependencies\\Ares\\Framework\\Foundation\\Bootloader->Modular\\ConnectorDependencies\\Ares\\Framework\\Foundation\\{closure}()
#70 /home/academia.neuronacomercial.com/academia.neuronacomercial.com.ar/wp-includes/class-wp-hook.php(348): WP_Hook->apply_filters()
#71 /home/academia.neuronacomercial.com/academia.neuronacomercial.com.ar/wp-includes/plugin.php(517): WP_Hook->do_action()
#72 /home/academia.neuronacomercial.com/academia.neuronacomercial.com.ar/wp-settings.php(749): do_action()
#73 /home/academia.neuronacomercial.com/academia.neuronacomercial.com.ar/wp-config.php(117): require_once('...')
#74 /home/academia.neuronacomercial.com/academia.neuronacomercial.com.ar/wp-load.php(50): require_once('...')
#75 {main}
"} 
